{"/Users/szaboloveygergo/Documents/vizsgaremek/vizsgaremek/frontend/src/assets/ptlogo.svg": {"path":"/Users/szaboloveygergo/Documents/vizsgaremek/vizsgaremek/frontend/src/assets/ptlogo.svg","statementMap":{},"fnMap":{},"branchMap":{},"s":{},"f":{},"b":{},"meta":{"lastBranch":0,"lastFunction":0,"lastStatement":0,"seen":{}}}
,"/Users/szaboloveygergo/Documents/vizsgaremek/vizsgaremek/frontend/src/components/DeletedItems.tsx": {"path":"/Users/szaboloveygergo/Documents/vizsgaremek/vizsgaremek/frontend/src/components/DeletedItems.tsx","statementMap":{"0":{"start":{"line":9,"column":20},"end":{"line":9,"column":90}},"1":{"start":{"line":10,"column":16},"end":{"line":10,"column":53}},"2":{"start":{"line":11,"column":18},"end":{"line":11,"column":47}},"3":{"start":{"line":12,"column":16},"end":{"line":12,"column":57}},"4":{"start":{"line":14,"column":2},"end":{"line":16,"column":null}},"5":{"start":{"line":15,"column":4},"end":{"line":15,"column":null}},"6":{"start":{"line":19,"column":4},"end":{"line":19,"column":null}},"7":{"start":{"line":20,"column":4},"end":{"line":20,"column":null}},"8":{"start":{"line":21,"column":4},"end":{"line":32,"column":null}},"9":{"start":{"line":22,"column":17},"end":{"line":22,"column":null}},"10":{"start":{"line":23,"column":6},"end":{"line":23,"column":null}},"11":{"start":{"line":23,"column":33},"end":{"line":23,"column":null}},"12":{"start":{"line":24,"column":6},"end":{"line":24,"column":null}},"13":{"start":{"line":24,"column":35},"end":{"line":24,"column":null}},"14":{"start":{"line":25,"column":6},"end":{"line":25,"column":null}},"15":{"start":{"line":25,"column":35},"end":{"line":25,"column":null}},"16":{"start":{"line":27,"column":19},"end":{"line":27,"column":44}},"17":{"start":{"line":28,"column":6},"end":{"line":28,"column":null}},"18":{"start":{"line":30,"column":6},"end":{"line":30,"column":null}},"19":{"start":{"line":32,"column":6},"end":{"line":32,"column":null}},"20":{"start":{"line":36,"column":18},"end":{"line":44,"column":null}},"21":{"start":{"line":37,"column":4},"end":{"line":44,"column":null}},"22":{"start":{"line":38,"column":6},"end":{"line":38,"column":null}},"23":{"start":{"line":39,"column":6},"end":{"line":41,"column":null}},"24":{"start":{"line":39,"column":23},"end":{"line":41,"column":9}},"25":{"start":{"line":40,"column":8},"end":{"line":40,"column":null}},"26":{"start":{"line":43,"column":6},"end":{"line":43,"column":null}},"27":{"start":{"line":44,"column":6},"end":{"line":44,"column":null}},"28":{"start":{"line":48,"column":8},"end":{"line":79,"column":null}},"29":{"start":{"line":49,"column":4},"end":{"line":49,"column":null}},"30":{"start":{"line":49,"column":17},"end":{"line":49,"column":null}},"31":{"start":{"line":50,"column":4},"end":{"line":50,"column":null}},"32":{"start":{"line":50,"column":15},"end":{"line":50,"column":null}},"33":{"start":{"line":51,"column":4},"end":{"line":51,"column":null}},"34":{"start":{"line":51,"column":28},"end":{"line":51,"column":null}},"35":{"start":{"line":53,"column":17},"end":{"line":53,"column":50}},"36":{"start":{"line":55,"column":4},"end":{"line":79,"column":null}},"37":{"start":{"line":59,"column":27},"end":{"line":59,"column":48}},"38":{"start":{"line":65,"column":12},"end":{"line":77,"column":null}},"39":{"start":{"line":66,"column":29},"end":{"line":66,"column":68}},"40":{"start":{"line":69,"column":31},"end":{"line":69,"column":null}},"41":{"start":{"line":70,"column":29},"end":{"line":70,"column":null}},"42":{"start":{"line":71,"column":18},"end":{"line":71,"column":null}},"43":{"start":{"line":71,"column":27},"end":{"line":71,"column":null}},"44":{"start":{"line":72,"column":18},"end":{"line":72,"column":null}},"45":{"start":{"line":84,"column":2},"end":{"line":114,"column":null}},"46":{"start":{"line":92,"column":75},"end":{"line":92,"column":97}}},"fnMap":{"0":{"name":"DeletedItems","decl":{"start":{"line":8,"column":16},"end":{"line":8,"column":31}},"loc":{"start":{"line":8,"column":31},"end":{"line":114,"column":null}},"line":8},"1":{"name":"(anonymous_1)","decl":{"start":{"line":14,"column":2},"end":{"line":14,"column":18}},"loc":{"start":{"line":14,"column":18},"end":{"line":16,"column":6}},"line":14},"2":{"name":"fetchDeleted","decl":{"start":{"line":18,"column":17},"end":{"line":18,"column":32}},"loc":{"start":{"line":18,"column":32},"end":{"line":32,"column":null}},"line":18},"3":{"name":"(anonymous_3)","decl":{"start":{"line":36,"column":18},"end":{"line":36,"column":25}},"loc":{"start":{"line":36,"column":56},"end":{"line":44,"column":null}},"line":36},"4":{"name":"(anonymous_4)","decl":{"start":{"line":39,"column":6},"end":{"line":39,"column":15}},"loc":{"start":{"line":39,"column":23},"end":{"line":41,"column":9}},"line":39},"5":{"name":"(anonymous_5)","decl":{"start":{"line":39,"column":28},"end":{"line":39,"column":35}},"loc":{"start":{"line":39,"column":40},"end":{"line":41,"column":9}},"line":39},"6":{"name":"(anonymous_6)","decl":{"start":{"line":48,"column":8},"end":{"line":48,"column":28}},"loc":{"start":{"line":48,"column":28},"end":{"line":79,"column":null}},"line":48},"7":{"name":"(anonymous_7)","decl":{"start":{"line":59,"column":18},"end":{"line":59,"column":22}},"loc":{"start":{"line":59,"column":27},"end":{"line":59,"column":48}},"line":59},"8":{"name":"(anonymous_8)","decl":{"start":{"line":64,"column":17},"end":{"line":64,"column":22}},"loc":{"start":{"line":65,"column":12},"end":{"line":77,"column":null}},"line":65},"9":{"name":"(anonymous_9)","decl":{"start":{"line":66,"column":20},"end":{"line":66,"column":24}},"loc":{"start":{"line":66,"column":29},"end":{"line":66,"column":68}},"line":66},"10":{"name":"(anonymous_10)","decl":{"start":{"line":68,"column":34},"end":{"line":68,"column":49}},"loc":{"start":{"line":68,"column":49},"end":{"line":72,"column":null}},"line":68},"11":{"name":"(anonymous_11)","decl":{"start":{"line":92,"column":58},"end":{"line":92,"column":69}},"loc":{"start":{"line":92,"column":75},"end":{"line":92,"column":97}},"line":92}},"branchMap":{"0":{"loc":{"start":{"line":23,"column":6},"end":{"line":23,"column":null}},"type":"if","locations":[{"start":{"line":23,"column":6},"end":{"line":23,"column":null}},{"start":{},"end":{}}],"line":23},"1":{"loc":{"start":{"line":24,"column":6},"end":{"line":24,"column":null}},"type":"if","locations":[{"start":{"line":24,"column":6},"end":{"line":24,"column":null}},{"start":{},"end":{}}],"line":24},"2":{"loc":{"start":{"line":25,"column":6},"end":{"line":25,"column":null}},"type":"if","locations":[{"start":{"line":25,"column":6},"end":{"line":25,"column":null}},{"start":{},"end":{}}],"line":25},"3":{"loc":{"start":{"line":28,"column":15},"end":{"line":28,"column":25}},"type":"binary-expr","locations":[{"start":{"line":28,"column":15},"end":{"line":28,"column":23}},{"start":{"line":28,"column":23},"end":{"line":28,"column":25}}],"line":28},"4":{"loc":{"start":{"line":30,"column":15},"end":{"line":30,"column":74}},"type":"binary-expr","locations":[{"start":{"line":30,"column":15},"end":{"line":30,"column":31}},{"start":{"line":30,"column":31},"end":{"line":30,"column":74}}],"line":30},"5":{"loc":{"start":{"line":49,"column":4},"end":{"line":49,"column":null}},"type":"if","locations":[{"start":{"line":49,"column":4},"end":{"line":49,"column":null}},{"start":{},"end":{}}],"line":49},"6":{"loc":{"start":{"line":50,"column":4},"end":{"line":50,"column":null}},"type":"if","locations":[{"start":{"line":50,"column":4},"end":{"line":50,"column":null}},{"start":{},"end":{}}],"line":50},"7":{"loc":{"start":{"line":51,"column":4},"end":{"line":51,"column":null}},"type":"if","locations":[{"start":{"line":51,"column":4},"end":{"line":51,"column":null}},{"start":{},"end":{}}],"line":51},"8":{"loc":{"start":{"line":69,"column":31},"end":{"line":69,"column":null}},"type":"cond-expr","locations":[{"start":{"line":69,"column":55},"end":{"line":69,"column":65}},{"start":{"line":69,"column":65},"end":{"line":69,"column":null}}],"line":69},"9":{"loc":{"start":{"line":69,"column":65},"end":{"line":69,"column":null}},"type":"cond-expr","locations":[{"start":{"line":69,"column":89},"end":{"line":69,"column":99}},{"start":{"line":69,"column":99},"end":{"line":69,"column":null}}],"line":69},"10":{"loc":{"start":{"line":69,"column":99},"end":{"line":69,"column":null}},"type":"cond-expr","locations":[{"start":{"line":69,"column":125},"end":{"line":69,"column":139}},{"start":{"line":69,"column":139},"end":{"line":69,"column":null}}],"line":69},"11":{"loc":{"start":{"line":70,"column":29},"end":{"line":70,"column":null}},"type":"binary-expr","locations":[{"start":{"line":70,"column":29},"end":{"line":70,"column":43}},{"start":{"line":70,"column":43},"end":{"line":70,"column":58}},{"start":{"line":70,"column":58},"end":{"line":70,"column":75}},{"start":{"line":70,"column":75},"end":{"line":70,"column":null}}],"line":70},"12":{"loc":{"start":{"line":71,"column":18},"end":{"line":71,"column":null}},"type":"if","locations":[{"start":{"line":71,"column":18},"end":{"line":71,"column":null}},{"start":{},"end":{}}],"line":71}},"s":{"0":47,"1":47,"2":47,"3":47,"4":47,"5":16,"6":16,"7":16,"8":16,"9":16,"10":16,"11":1,"12":16,"13":1,"14":16,"15":1,"16":16,"17":11,"18":1,"19":12,"20":47,"21":3,"22":3,"23":2,"24":2,"25":2,"26":1,"27":1,"28":47,"29":47,"30":16,"31":31,"32":31,"33":29,"34":29,"35":5,"36":5,"37":20,"38":6,"39":24,"40":3,"41":3,"42":3,"43":0,"44":3,"45":47,"46":3},"f":{"0":47,"1":16,"2":16,"3":3,"4":2,"5":2,"6":47,"7":20,"8":6,"9":24,"10":3,"11":3},"b":{"0":[1,15],"1":[1,15],"2":[1,15],"3":[11,0],"4":[1,0],"5":[16,31],"6":[2,29],"7":[24,5],"8":[3,0],"9":[0,0],"10":[0,0],"11":[3,0,0,0],"12":[0,3]},"meta":{"lastBranch":13,"lastFunction":12,"lastStatement":47,"seen":{"f:8:16:8:31":0,"s:9:20:9:90":0,"s:10:16:10:53":1,"s:11:18:11:47":2,"s:12:16:12:57":3,"s:14:2:16:Infinity":4,"f:14:2:14:18":1,"s:15:4:15:Infinity":5,"f:18:17:18:32":2,"s:19:4:19:Infinity":6,"s:20:4:20:Infinity":7,"s:21:4:32:Infinity":8,"s:22:17:22:Infinity":9,"b:23:6:23:Infinity:undefined:undefined:undefined:undefined":0,"s:23:6:23:Infinity":10,"s:23:33:23:Infinity":11,"b:24:6:24:Infinity:undefined:undefined:undefined:undefined":1,"s:24:6:24:Infinity":12,"s:24:35:24:Infinity":13,"b:25:6:25:Infinity:undefined:undefined:undefined:undefined":2,"s:25:6:25:Infinity":14,"s:25:35:25:Infinity":15,"s:27:19:27:44":16,"s:28:6:28:Infinity":17,"b:28:15:28:23:28:23:28:25":3,"s:30:6:30:Infinity":18,"b:30:15:30:31:30:31:30:74":4,"s:32:6:32:Infinity":19,"s:36:18:44:Infinity":20,"f:36:18:36:25":3,"s:37:4:44:Infinity":21,"s:38:6:38:Infinity":22,"s:39:6:41:Infinity":23,"f:39:6:39:15":4,"s:39:23:41:9":24,"f:39:28:39:35":5,"s:40:8:40:Infinity":25,"s:43:6:43:Infinity":26,"s:44:6:44:Infinity":27,"s:48:8:79:Infinity":28,"f:48:8:48:28":6,"b:49:4:49:Infinity:undefined:undefined:undefined:undefined":5,"s:49:4:49:Infinity":29,"s:49:17:49:Infinity":30,"b:50:4:50:Infinity:undefined:undefined:undefined:undefined":6,"s:50:4:50:Infinity":31,"s:50:15:50:Infinity":32,"b:51:4:51:Infinity:undefined:undefined:undefined:undefined":7,"s:51:4:51:Infinity":33,"s:51:28:51:Infinity":34,"s:53:17:53:50":35,"s:55:4:79:Infinity":36,"f:59:18:59:22":7,"s:59:27:59:48":37,"f:64:17:64:22":8,"s:65:12:77:Infinity":38,"f:66:20:66:24":9,"s:66:29:66:68":39,"f:68:34:68:49":10,"s:69:31:69:Infinity":40,"b:69:55:69:65:69:65:69:Infinity":8,"b:69:89:69:99:69:99:69:Infinity":9,"b:69:125:69:139:69:139:69:Infinity":10,"s:70:29:70:Infinity":41,"b:70:29:70:43:70:43:70:58:70:58:70:75:70:75:70:Infinity":11,"b:71:18:71:Infinity:undefined:undefined:undefined:undefined":12,"s:71:18:71:Infinity":42,"s:71:27:71:Infinity":43,"s:72:18:72:Infinity":44,"s:84:2:114:Infinity":45,"f:92:58:92:69":11,"s:92:75:92:97":46}}}
,"/Users/szaboloveygergo/Documents/vizsgaremek/vizsgaremek/frontend/src/components/Login.tsx": {"path":"/Users/szaboloveygergo/Documents/vizsgaremek/vizsgaremek/frontend/src/components/Login.tsx","statementMap":{"0":{"start":{"line":9,"column":25},"end":{"line":9,"column":58}},"1":{"start":{"line":10,"column":17},"end":{"line":10,"column":42}},"2":{"start":{"line":11,"column":23},"end":{"line":11,"column":57}},"3":{"start":{"line":12,"column":16},"end":{"line":12,"column":40}},"4":{"start":{"line":13,"column":8},"end":{"line":13,"column":32}},"5":{"start":{"line":15,"column":22},"end":{"line":40,"column":null}},"6":{"start":{"line":16,"column":4},"end":{"line":16,"column":null}},"7":{"start":{"line":17,"column":4},"end":{"line":17,"column":null}},"8":{"start":{"line":19,"column":4},"end":{"line":40,"column":null}},"9":{"start":{"line":20,"column":23},"end":{"line":26,"column":8}},"10":{"start":{"line":28,"column":6},"end":{"line":30,"column":null}},"11":{"start":{"line":29,"column":26},"end":{"line":29,"column":47}},"12":{"start":{"line":30,"column":8},"end":{"line":30,"column":null}},"13":{"start":{"line":33,"column":17},"end":{"line":33,"column":38}},"14":{"start":{"line":34,"column":4},"end":{"line":34,"column":null}},"15":{"start":{"line":36,"column":4},"end":{"line":36,"column":null}},"16":{"start":{"line":37,"column":6},"end":{"line":37,"column":null}},"17":{"start":{"line":40,"column":6},"end":{"line":40,"column":null}},"18":{"start":{"line":44,"column":2},"end":{"line":128,"column":null}},"19":{"start":{"line":72,"column":31},"end":{"line":72,"column":64}},"20":{"start":{"line":87,"column":33},"end":{"line":87,"column":58}},"21":{"start":{"line":93,"column":31},"end":{"line":93,"column":61}}},"fnMap":{"0":{"name":"Login","decl":{"start":{"line":8,"column":16},"end":{"line":8,"column":24}},"loc":{"start":{"line":8,"column":24},"end":{"line":128,"column":null}},"line":8},"1":{"name":"(anonymous_1)","decl":{"start":{"line":15,"column":22},"end":{"line":15,"column":29}},"loc":{"start":{"line":15,"column":52},"end":{"line":40,"column":null}},"line":15},"2":{"name":"(anonymous_2)","decl":{"start":{"line":72,"column":14},"end":{"line":72,"column":25}},"loc":{"start":{"line":72,"column":31},"end":{"line":72,"column":64}},"line":72},"3":{"name":"(anonymous_3)","decl":{"start":{"line":87,"column":16},"end":{"line":87,"column":27}},"loc":{"start":{"line":87,"column":33},"end":{"line":87,"column":58}},"line":87},"4":{"name":"(anonymous_4)","decl":{"start":{"line":93,"column":16},"end":{"line":93,"column":31}},"loc":{"start":{"line":93,"column":31},"end":{"line":93,"column":61}},"line":93}},"branchMap":{"0":{"loc":{"start":{"line":28,"column":6},"end":{"line":30,"column":null}},"type":"if","locations":[{"start":{"line":28,"column":6},"end":{"line":30,"column":null}},{"start":{},"end":{}}],"line":28},"1":{"loc":{"start":{"line":30,"column":24},"end":{"line":30,"column":67}},"type":"binary-expr","locations":[{"start":{"line":30,"column":24},"end":{"line":30,"column":45}},{"start":{"line":30,"column":45},"end":{"line":30,"column":67}}],"line":30},"2":{"loc":{"start":{"line":36,"column":18},"end":{"line":36,"column":33}},"type":"binary-expr","locations":[{"start":{"line":36,"column":18},"end":{"line":36,"column":31}},{"start":{"line":36,"column":31},"end":{"line":36,"column":33}}],"line":36},"3":{"loc":{"start":{"line":40,"column":15},"end":{"line":40,"column":67}},"type":"cond-expr","locations":[{"start":{"line":40,"column":38},"end":{"line":40,"column":52}},{"start":{"line":40,"column":52},"end":{"line":40,"column":67}}],"line":40},"4":{"loc":{"start":{"line":56,"column":9},"end":{"line":59,"column":null}},"type":"binary-expr","locations":[{"start":{"line":56,"column":9},"end":{"line":56,"column":null}},{"start":{"line":57,"column":10},"end":{"line":59,"column":null}}],"line":56},"5":{"loc":{"start":{"line":83,"column":22},"end":{"line":83,"column":null}},"type":"cond-expr","locations":[{"start":{"line":83,"column":37},"end":{"line":83,"column":46}},{"start":{"line":83,"column":46},"end":{"line":83,"column":null}}],"line":83},"6":{"loc":{"start":{"line":107,"column":19},"end":{"line":116,"column":null}},"type":"cond-expr","locations":[{"start":{"line":108,"column":20},"end":{"line":111,"column":null}},{"start":{"line":113,"column":20},"end":{"line":116,"column":null}}],"line":107}},"s":{"0":139,"1":139,"2":139,"3":139,"4":139,"5":139,"6":5,"7":5,"8":5,"9":5,"10":4,"11":2,"12":2,"13":2,"14":2,"15":2,"16":5,"17":3,"18":139,"19":50,"20":69,"21":2},"f":{"0":139,"1":5,"2":50,"3":69,"4":2},"b":{"0":[2,2],"1":[2,0],"2":[2,0],"3":[3,0],"4":[139,24],"5":[1,138],"6":[1,138]},"meta":{"lastBranch":7,"lastFunction":5,"lastStatement":22,"seen":{"f:8:16:8:24":0,"s:9:25:9:58":0,"s:10:17:10:42":1,"s:11:23:11:57":2,"s:12:16:12:40":3,"s:13:8:13:32":4,"s:15:22:40:Infinity":5,"f:15:22:15:29":1,"s:16:4:16:Infinity":6,"s:17:4:17:Infinity":7,"s:19:4:40:Infinity":8,"s:20:23:26:8":9,"b:28:6:30:Infinity:undefined:undefined:undefined:undefined":0,"s:28:6:30:Infinity":10,"s:29:26:29:47":11,"s:30:8:30:Infinity":12,"b:30:24:30:45:30:45:30:67":1,"s:33:17:33:38":13,"s:34:4:34:Infinity":14,"s:36:4:36:Infinity":15,"b:36:18:36:31:36:31:36:33":2,"s:37:6:37:Infinity":16,"s:40:6:40:Infinity":17,"b:40:38:40:52:40:52:40:67":3,"s:44:2:128:Infinity":18,"b:56:9:56:Infinity:57:10:59:Infinity":4,"f:72:14:72:25":2,"s:72:31:72:64":19,"b:83:37:83:46:83:46:83:Infinity":5,"f:87:16:87:27":3,"s:87:33:87:58":20,"f:93:16:93:31":4,"s:93:31:93:61":21,"b:108:20:111:Infinity:113:20:116:Infinity":6}}}
,"/Users/szaboloveygergo/Documents/vizsgaremek/vizsgaremek/frontend/src/components/MainSite.tsx": {"path":"/Users/szaboloveygergo/Documents/vizsgaremek/vizsgaremek/frontend/src/components/MainSite.tsx","statementMap":{"0":{"start":{"line":5,"column":7},"end":{"line":9,"column":null}}},"fnMap":{"0":{"name":"MainSite","decl":{"start":{"line":4,"column":16},"end":{"line":4,"column":27}},"loc":{"start":{"line":4,"column":27},"end":{"line":9,"column":null}},"line":4}},"branchMap":{},"s":{"0":4},"f":{"0":4},"b":{},"meta":{"lastBranch":0,"lastFunction":1,"lastStatement":1,"seen":{"f:4:16:4:27":0,"s:5:7:9:Infinity":0}}}
,"/Users/szaboloveygergo/Documents/vizsgaremek/vizsgaremek/frontend/src/designs/Login.css": {"path":"/Users/szaboloveygergo/Documents/vizsgaremek/vizsgaremek/frontend/src/designs/Login.css","statementMap":{},"fnMap":{},"branchMap":{},"s":{},"f":{},"b":{},"meta":{"lastBranch":0,"lastFunction":0,"lastStatement":0,"seen":{}}}
,"/Users/szaboloveygergo/Documents/vizsgaremek/vizsgaremek/frontend/src/lib/api.ts": {"path":"/Users/szaboloveygergo/Documents/vizsgaremek/vizsgaremek/frontend/src/lib/api.ts","statementMap":{"0":{"start":{"line":1,"column":21},"end":{"line":1,"column":null}},"1":{"start":{"line":4,"column":41},"end":{"line":5,"column":null}},"2":{"start":{"line":7,"column":1},"end":{"line":15,"column":null}},"3":{"start":{"line":8,"column":18},"end":{"line":8,"column":46}},"4":{"start":{"line":9,"column":2},"end":{"line":12,"column":null}},"5":{"start":{"line":10,"column":16},"end":{"line":10,"column":35}},"6":{"start":{"line":11,"column":3},"end":{"line":12,"column":null}},"7":{"start":{"line":12,"column":4},"end":{"line":12,"column":null}},"8":{"start":{"line":17,"column":1},"end":{"line":17,"column":null}},"9":{"start":{"line":21,"column":13},"end":{"line":24,"column":3}},"10":{"start":{"line":26,"column":1},"end":{"line":33,"column":null}},"11":{"start":{"line":27,"column":16},"end":{"line":27,"column":null}},"12":{"start":{"line":28,"column":2},"end":{"line":31,"column":null}},"13":{"start":{"line":29,"column":16},"end":{"line":29,"column":32}},"14":{"start":{"line":30,"column":3},"end":{"line":30,"column":null}},"15":{"start":{"line":33,"column":2},"end":{"line":33,"column":null}},"16":{"start":{"line":36,"column":1},"end":{"line":36,"column":null}},"17":{"start":{"line":40,"column":13},"end":{"line":44,"column":3}},"18":{"start":{"line":46,"column":1},"end":{"line":53,"column":null}},"19":{"start":{"line":47,"column":16},"end":{"line":47,"column":null}},"20":{"start":{"line":48,"column":2},"end":{"line":51,"column":null}},"21":{"start":{"line":49,"column":20},"end":{"line":49,"column":36}},"22":{"start":{"line":50,"column":3},"end":{"line":50,"column":null}},"23":{"start":{"line":53,"column":2},"end":{"line":53,"column":null}},"24":{"start":{"line":56,"column":1},"end":{"line":56,"column":null}},"25":{"start":{"line":60,"column":13},"end":{"line":64,"column":3}},"26":{"start":{"line":66,"column":1},"end":{"line":73,"column":null}},"27":{"start":{"line":67,"column":16},"end":{"line":67,"column":null}},"28":{"start":{"line":68,"column":2},"end":{"line":71,"column":null}},"29":{"start":{"line":69,"column":20},"end":{"line":69,"column":36}},"30":{"start":{"line":70,"column":3},"end":{"line":70,"column":null}},"31":{"start":{"line":73,"column":2},"end":{"line":73,"column":null}},"32":{"start":{"line":76,"column":1},"end":{"line":76,"column":null}},"33":{"start":{"line":80,"column":13},"end":{"line":83,"column":3}},"34":{"start":{"line":85,"column":1},"end":{"line":92,"column":null}},"35":{"start":{"line":86,"column":16},"end":{"line":86,"column":null}},"36":{"start":{"line":87,"column":2},"end":{"line":90,"column":null}},"37":{"start":{"line":88,"column":20},"end":{"line":88,"column":36}},"38":{"start":{"line":89,"column":3},"end":{"line":89,"column":null}},"39":{"start":{"line":92,"column":2},"end":{"line":92,"column":null}},"40":{"start":{"line":95,"column":1},"end":{"line":95,"column":null}}},"fnMap":{"0":{"name":"getAuthHeaders","decl":{"start":{"line":3,"column":9},"end":{"line":3,"column":50}},"loc":{"start":{"line":3,"column":50},"end":{"line":17,"column":null}},"line":3},"1":{"name":"apiGet","decl":{"start":{"line":20,"column":22},"end":{"line":20,"column":32}},"loc":{"start":{"line":20,"column":58},"end":{"line":36,"column":null}},"line":20},"2":{"name":"apiPatch","decl":{"start":{"line":39,"column":22},"end":{"line":39,"column":34}},"loc":{"start":{"line":39,"column":87},"end":{"line":56,"column":null}},"line":39},"3":{"name":"apiPost","decl":{"start":{"line":59,"column":22},"end":{"line":59,"column":33}},"loc":{"start":{"line":59,"column":86},"end":{"line":76,"column":null}},"line":59},"4":{"name":"apiDelete","decl":{"start":{"line":79,"column":22},"end":{"line":79,"column":35}},"loc":{"start":{"line":79,"column":61},"end":{"line":95,"column":null}},"line":79}},"branchMap":{"0":{"loc":{"start":{"line":9,"column":2},"end":{"line":12,"column":null}},"type":"if","locations":[{"start":{"line":9,"column":2},"end":{"line":12,"column":null}},{"start":{},"end":{}}],"line":9},"1":{"loc":{"start":{"line":11,"column":3},"end":{"line":12,"column":null}},"type":"if","locations":[{"start":{"line":11,"column":3},"end":{"line":12,"column":null}},{"start":{},"end":{}}],"line":11},"2":{"loc":{"start":{"line":26,"column":1},"end":{"line":33,"column":null}},"type":"if","locations":[{"start":{"line":26,"column":1},"end":{"line":33,"column":null}},{"start":{},"end":{}}],"line":26},"3":{"loc":{"start":{"line":30,"column":13},"end":{"line":30,"column":null}},"type":"binary-expr","locations":[{"start":{"line":30,"column":13},"end":{"line":30,"column":30}},{"start":{"line":30,"column":30},"end":{"line":30,"column":null}}],"line":30},"4":{"loc":{"start":{"line":46,"column":1},"end":{"line":53,"column":null}},"type":"if","locations":[{"start":{"line":46,"column":1},"end":{"line":53,"column":null}},{"start":{},"end":{}}],"line":46},"5":{"loc":{"start":{"line":50,"column":13},"end":{"line":50,"column":null}},"type":"binary-expr","locations":[{"start":{"line":50,"column":13},"end":{"line":50,"column":34}},{"start":{"line":50,"column":34},"end":{"line":50,"column":null}}],"line":50},"6":{"loc":{"start":{"line":66,"column":1},"end":{"line":73,"column":null}},"type":"if","locations":[{"start":{"line":66,"column":1},"end":{"line":73,"column":null}},{"start":{},"end":{}}],"line":66},"7":{"loc":{"start":{"line":70,"column":13},"end":{"line":70,"column":null}},"type":"binary-expr","locations":[{"start":{"line":70,"column":13},"end":{"line":70,"column":34}},{"start":{"line":70,"column":34},"end":{"line":70,"column":null}}],"line":70},"8":{"loc":{"start":{"line":85,"column":1},"end":{"line":92,"column":null}},"type":"if","locations":[{"start":{"line":85,"column":1},"end":{"line":92,"column":null}},{"start":{},"end":{}}],"line":85},"9":{"loc":{"start":{"line":89,"column":13},"end":{"line":89,"column":null}},"type":"binary-expr","locations":[{"start":{"line":89,"column":13},"end":{"line":89,"column":34}},{"start":{"line":89,"column":34},"end":{"line":89,"column":null}}],"line":89}},"s":{"0":1,"1":18,"2":18,"3":18,"4":18,"5":5,"6":5,"7":4,"8":18,"9":9,"10":9,"11":4,"12":4,"13":4,"14":3,"15":4,"16":5,"17":3,"18":3,"19":1,"20":1,"21":1,"22":1,"23":1,"24":2,"25":3,"26":3,"27":1,"28":1,"29":1,"30":1,"31":1,"32":2,"33":3,"34":3,"35":1,"36":1,"37":1,"38":1,"39":1,"40":2},"f":{"0":18,"1":9,"2":3,"3":3,"4":3},"b":{"0":[5,13],"1":[4,1],"2":[4,5],"3":[3,2],"4":[1,2],"5":[1,0],"6":[1,2],"7":[1,0],"8":[1,2],"9":[1,0]},"meta":{"lastBranch":10,"lastFunction":5,"lastStatement":41,"seen":{"s:1:21:1:Infinity":0,"f:3:9:3:50":0,"s:4:41:5:Infinity":1,"s:7:1:15:Infinity":2,"s:8:18:8:46":3,"b:9:2:12:Infinity:undefined:undefined:undefined:undefined":0,"s:9:2:12:Infinity":4,"s:10:16:10:35":5,"b:11:3:12:Infinity:undefined:undefined:undefined:undefined":1,"s:11:3:12:Infinity":6,"s:12:4:12:Infinity":7,"s:17:1:17:Infinity":8,"f:20:22:20:32":1,"s:21:13:24:3":9,"b:26:1:33:Infinity:undefined:undefined:undefined:undefined":2,"s:26:1:33:Infinity":10,"s:27:16:27:Infinity":11,"s:28:2:31:Infinity":12,"s:29:16:29:32":13,"s:30:3:30:Infinity":14,"b:30:13:30:30:30:30:30:Infinity":3,"s:33:2:33:Infinity":15,"s:36:1:36:Infinity":16,"f:39:22:39:34":2,"s:40:13:44:3":17,"b:46:1:53:Infinity:undefined:undefined:undefined:undefined":4,"s:46:1:53:Infinity":18,"s:47:16:47:Infinity":19,"s:48:2:51:Infinity":20,"s:49:20:49:36":21,"s:50:3:50:Infinity":22,"b:50:13:50:34:50:34:50:Infinity":5,"s:53:2:53:Infinity":23,"s:56:1:56:Infinity":24,"f:59:22:59:33":3,"s:60:13:64:3":25,"b:66:1:73:Infinity:undefined:undefined:undefined:undefined":6,"s:66:1:73:Infinity":26,"s:67:16:67:Infinity":27,"s:68:2:71:Infinity":28,"s:69:20:69:36":29,"s:70:3:70:Infinity":30,"b:70:13:70:34:70:34:70:Infinity":7,"s:73:2:73:Infinity":31,"s:76:1:76:Infinity":32,"f:79:22:79:35":4,"s:80:13:83:3":33,"b:85:1:92:Infinity:undefined:undefined:undefined:undefined":8,"s:85:1:92:Infinity":34,"s:86:16:86:Infinity":35,"s:87:2:90:Infinity":36,"s:88:20:88:36":37,"s:89:3:89:Infinity":38,"b:89:13:89:34:89:34:89:Infinity":9,"s:92:2:92:Infinity":39,"s:95:1:95:Infinity":40}}}
,"/Users/szaboloveygergo/Documents/vizsgaremek/vizsgaremek/frontend/src/lib/auth.ts": {"path":"/Users/szaboloveygergo/Documents/vizsgaremek/vizsgaremek/frontend/src/lib/auth.ts","statementMap":{"0":{"start":{"line":9,"column":2},"end":{"line":13,"column":null}},"1":{"start":{"line":10,"column":16},"end":{"line":10,"column":44}},"2":{"start":{"line":11,"column":4},"end":{"line":11,"column":null}},"3":{"start":{"line":13,"column":4},"end":{"line":13,"column":null}},"4":{"start":{"line":18,"column":12},"end":{"line":18,"column":21}},"5":{"start":{"line":19,"column":2},"end":{"line":19,"column":null}},"6":{"start":{"line":23,"column":2},"end":{"line":23,"column":null}},"7":{"start":{"line":27,"column":2},"end":{"line":27,"column":null}},"8":{"start":{"line":31,"column":15},"end":{"line":31,"column":24}},"9":{"start":{"line":32,"column":2},"end":{"line":32,"column":null}},"10":{"start":{"line":36,"column":2},"end":{"line":36,"column":null}},"11":{"start":{"line":40,"column":2},"end":{"line":40,"column":null}}},"fnMap":{"0":{"name":"getUser","decl":{"start":{"line":8,"column":16},"end":{"line":8,"column":44}},"loc":{"start":{"line":8,"column":44},"end":{"line":13,"column":null}},"line":8},"1":{"name":"isAuthenticated","decl":{"start":{"line":17,"column":16},"end":{"line":17,"column":43}},"loc":{"start":{"line":17,"column":43},"end":{"line":19,"column":null}},"line":17},"2":{"name":"setUser","decl":{"start":{"line":22,"column":16},"end":{"line":22,"column":24}},"loc":{"start":{"line":22,"column":38},"end":{"line":23,"column":null}},"line":22},"3":{"name":"logout","decl":{"start":{"line":26,"column":16},"end":{"line":26,"column":25}},"loc":{"start":{"line":26,"column":25},"end":{"line":27,"column":null}},"line":26},"4":{"name":"isAdmin","decl":{"start":{"line":30,"column":16},"end":{"line":30,"column":35}},"loc":{"start":{"line":30,"column":35},"end":{"line":32,"column":null}},"line":30},"5":{"name":"getCurrentUser","decl":{"start":{"line":35,"column":16},"end":{"line":35,"column":51}},"loc":{"start":{"line":35,"column":51},"end":{"line":36,"column":null}},"line":35},"6":{"name":"getCurrentUserRole","decl":{"start":{"line":39,"column":16},"end":{"line":39,"column":55}},"loc":{"start":{"line":39,"column":55},"end":{"line":40,"column":null}},"line":39}},"branchMap":{"0":{"loc":{"start":{"line":11,"column":11},"end":{"line":11,"column":null}},"type":"cond-expr","locations":[{"start":{"line":11,"column":17},"end":{"line":11,"column":32}},{"start":{"line":11,"column":35},"end":{"line":11,"column":null}}],"line":11},"1":{"loc":{"start":{"line":19,"column":9},"end":{"line":19,"column":null}},"type":"binary-expr","locations":[{"start":{"line":19,"column":9},"end":{"line":19,"column":17}},{"start":{"line":19,"column":17},"end":{"line":19,"column":30}},{"start":{"line":19,"column":30},"end":{"line":19,"column":40}},{"start":{"line":19,"column":40},"end":{"line":19,"column":null}}],"line":19},"2":{"loc":{"start":{"line":40,"column":9},"end":{"line":40,"column":null}},"type":"cond-expr","locations":[{"start":{"line":40,"column":21},"end":{"line":40,"column":31}},{"start":{"line":40,"column":31},"end":{"line":40,"column":null}}],"line":40}},"s":{"0":20,"1":20,"2":20,"3":2,"4":5,"5":5,"6":4,"7":2,"8":8,"9":8,"10":2,"11":4},"f":{"0":20,"1":5,"2":4,"3":2,"4":8,"5":2,"6":4},"b":{"0":[14,5],"1":[5,4,3,2],"2":[1,3]},"meta":{"lastBranch":3,"lastFunction":7,"lastStatement":12,"seen":{"f:8:16:8:44":0,"s:9:2:13:Infinity":0,"s:10:16:10:44":1,"s:11:4:11:Infinity":2,"b:11:17:11:32:11:35:11:Infinity":0,"s:13:4:13:Infinity":3,"f:17:16:17:43":1,"s:18:12:18:21":4,"s:19:2:19:Infinity":5,"b:19:9:19:17:19:17:19:30:19:30:19:40:19:40:19:Infinity":1,"f:22:16:22:24":2,"s:23:2:23:Infinity":6,"f:26:16:26:25":3,"s:27:2:27:Infinity":7,"f:30:16:30:35":4,"s:31:15:31:24":8,"s:32:2:32:Infinity":9,"f:35:16:35:51":5,"s:36:2:36:Infinity":10,"f:39:16:39:55":6,"s:40:2:40:Infinity":11,"b:40:21:40:31:40:31:40:Infinity":2}}}
}
