TN:
SF:src/assets/ptlogo.svg
FNF:0
FNH:0
LF:0
LH:0
BRF:0
BRH:0
end_of_record
TN:
SF:src/components/DeletedItems.tsx
FN:8,DeletedItems
FN:14,(anonymous_1)
FN:18,fetchDeleted
FN:36,(anonymous_3)
FN:39,(anonymous_4)
FN:39,(anonymous_5)
FN:48,(anonymous_6)
FN:59,(anonymous_7)
FN:64,(anonymous_8)
FN:66,(anonymous_9)
FN:68,(anonymous_10)
FN:92,(anonymous_11)
FNF:12
FNH:12
FNDA:47,DeletedItems
FNDA:16,(anonymous_1)
FNDA:16,fetchDeleted
FNDA:3,(anonymous_3)
FNDA:2,(anonymous_4)
FNDA:2,(anonymous_5)
FNDA:47,(anonymous_6)
FNDA:20,(anonymous_7)
FNDA:6,(anonymous_8)
FNDA:24,(anonymous_9)
FNDA:3,(anonymous_10)
FNDA:3,(anonymous_11)
DA:9,47
DA:10,47
DA:11,47
DA:12,47
DA:14,47
DA:15,16
DA:19,16
DA:20,16
DA:21,16
DA:22,16
DA:23,16
DA:24,16
DA:25,16
DA:27,16
DA:28,11
DA:30,1
DA:32,12
DA:36,47
DA:37,3
DA:38,3
DA:39,2
DA:40,2
DA:43,1
DA:44,1
DA:48,47
DA:49,47
DA:50,31
DA:51,29
DA:53,5
DA:55,5
DA:59,20
DA:65,6
DA:66,24
DA:69,3
DA:70,3
DA:71,3
DA:72,3
DA:84,47
DA:92,3
LF:39
LH:39
BRDA:23,0,0,1
BRDA:23,0,1,15
BRDA:24,1,0,1
BRDA:24,1,1,15
BRDA:25,2,0,1
BRDA:25,2,1,15
BRDA:28,3,0,11
BRDA:28,3,1,0
BRDA:30,4,0,1
BRDA:30,4,1,0
BRDA:49,5,0,16
BRDA:49,5,1,31
BRDA:50,6,0,2
BRDA:50,6,1,29
BRDA:51,7,0,24
BRDA:51,7,1,5
BRDA:69,8,0,3
BRDA:69,8,1,0
BRDA:69,9,0,0
BRDA:69,9,1,0
BRDA:69,10,0,0
BRDA:69,10,1,0
BRDA:70,11,0,3
BRDA:70,11,1,0
BRDA:70,11,2,0
BRDA:70,11,3,0
BRDA:71,12,0,0
BRDA:71,12,1,3
BRF:28
BRH:17
end_of_record
TN:
SF:src/components/Login.tsx
FN:8,Login
FN:15,(anonymous_1)
FN:72,(anonymous_2)
FN:87,(anonymous_3)
FN:93,(anonymous_4)
FNF:5
FNH:5
FNDA:139,Login
FNDA:5,(anonymous_1)
FNDA:50,(anonymous_2)
FNDA:69,(anonymous_3)
FNDA:2,(anonymous_4)
DA:9,139
DA:10,139
DA:11,139
DA:12,139
DA:13,139
DA:15,139
DA:16,5
DA:17,5
DA:19,5
DA:20,5
DA:28,4
DA:29,2
DA:30,2
DA:33,2
DA:34,2
DA:36,2
DA:37,5
DA:40,3
DA:44,139
DA:72,50
DA:87,69
DA:93,2
LF:22
LH:22
BRDA:28,0,0,2
BRDA:28,0,1,2
BRDA:30,1,0,2
BRDA:30,1,1,0
BRDA:36,2,0,2
BRDA:36,2,1,0
BRDA:40,3,0,3
BRDA:40,3,1,0
BRDA:56,4,0,139
BRDA:56,4,1,24
BRDA:83,5,0,1
BRDA:83,5,1,138
BRDA:107,6,0,1
BRDA:107,6,1,138
BRF:14
BRH:11
end_of_record
TN:
SF:src/components/MainSite.tsx
FN:4,MainSite
FNF:1
FNH:1
FNDA:4,MainSite
DA:5,4
LF:1
LH:1
BRF:0
BRH:0
end_of_record
TN:
SF:src/designs/Login.css
FNF:0
FNH:0
LF:0
LH:0
BRF:0
BRH:0
end_of_record
TN:
SF:src/lib/api.ts
FN:3,getAuthHeaders
FN:20,apiGet
FN:39,apiPatch
FN:59,apiPost
FN:79,apiDelete
FNF:5
FNH:5
FNDA:18,getAuthHeaders
FNDA:9,apiGet
FNDA:3,apiPatch
FNDA:3,apiPost
FNDA:3,apiDelete
DA:1,1
DA:4,18
DA:7,18
DA:8,18
DA:9,18
DA:10,5
DA:11,5
DA:12,4
DA:17,18
DA:21,9
DA:26,9
DA:27,4
DA:28,4
DA:29,4
DA:30,3
DA:33,4
DA:36,5
DA:40,3
DA:46,3
DA:47,1
DA:48,1
DA:49,1
DA:50,1
DA:53,1
DA:56,2
DA:60,3
DA:66,3
DA:67,1
DA:68,1
DA:69,1
DA:70,1
DA:73,1
DA:76,2
DA:80,3
DA:85,3
DA:86,1
DA:87,1
DA:88,1
DA:89,1
DA:92,1
DA:95,2
LF:41
LH:41
BRDA:9,0,0,5
BRDA:9,0,1,13
BRDA:11,1,0,4
BRDA:11,1,1,1
BRDA:26,2,0,4
BRDA:26,2,1,5
BRDA:30,3,0,3
BRDA:30,3,1,2
BRDA:46,4,0,1
BRDA:46,4,1,2
BRDA:50,5,0,1
BRDA:50,5,1,0
BRDA:66,6,0,1
BRDA:66,6,1,2
BRDA:70,7,0,1
BRDA:70,7,1,0
BRDA:85,8,0,1
BRDA:85,8,1,2
BRDA:89,9,0,1
BRDA:89,9,1,0
BRF:20
BRH:17
end_of_record
TN:
SF:src/lib/auth.ts
FN:8,getUser
FN:17,isAuthenticated
FN:22,setUser
FN:26,logout
FN:30,isAdmin
FN:35,getCurrentUser
FN:39,getCurrentUserRole
FNF:7
FNH:7
FNDA:20,getUser
FNDA:5,isAuthenticated
FNDA:4,setUser
FNDA:2,logout
FNDA:8,isAdmin
FNDA:2,getCurrentUser
FNDA:4,getCurrentUserRole
DA:9,20
DA:10,20
DA:11,20
DA:13,2
DA:18,5
DA:19,5
DA:23,4
DA:27,2
DA:31,8
DA:32,8
DA:36,2
DA:40,4
LF:12
LH:12
BRDA:11,0,0,14
BRDA:11,0,1,5
BRDA:19,1,0,5
BRDA:19,1,1,4
BRDA:19,1,2,3
BRDA:19,1,3,2
BRDA:40,2,0,1
BRDA:40,2,1,3
BRF:8
BRH:8
end_of_record
